<?xml version="1.0" encoding="UTF-8"?>
<!-- Generated by org.testng.reporters.JUnitReportReporter -->
<testsuite hostname="blr-mpa8k" name="test.com.Basic" tests="1" failures="0" timestamp="21 Feb 2020 14:25:46 GMT" time="3.321" errors="0">
  <testcase name="Test1" time="3.321" classname="test.com.Basic"/>
</testsuite> <!-- test.com.Basic -->
