<?xml version="1.0" encoding="UTF-8"?>
<!-- Generated by org.testng.reporters.JUnitReportReporter -->
<testsuite hostname="blr-mpa8k" name="ipman.com.Basic4" tests="1" failures="0" timestamp="22 Feb 2020 08:50:35 GMT" time="1.846" errors="0">
  <testcase name="AddandDeletePlace" time="1.846" classname="ipman.com.Basic4"/>
</testsuite> <!-- ipman.com.Basic4 -->
