<?xml version="1.0" encoding="UTF-8"?>
<!-- Generated by org.testng.reporters.JUnitReportReporter -->
<testsuite hostname="blr-mpa8k" name="ipman.com.Basic5" tests="1" failures="0" timestamp="22 Feb 2020 06:46:20 GMT" time="1.715" errors="0">
  <testcase name="testaddPlace" time="1.715" classname="ipman.com.Basic5"/>
</testsuite> <!-- ipman.com.Basic5 -->
