<?xml version="1.0" encoding="UTF-8"?>
<!-- Generated by org.testng.reporters.JUnitReportReporter -->
<testsuite hostname="blr-mpa8k" name="TestScript.com.Basic4" tests="1" failures="0" timestamp="22 Feb 2020 08:57:05 GMT" time="1.926" errors="0">
  <testcase name="AddandDeletePlace" time="1.926" classname="TestScript.com.Basic4"/>
</testsuite> <!-- TestScript.com.Basic4 -->
