<?xml version="1.0" encoding="UTF-8"?>
<!-- Generated by org.testng.reporters.JUnitReportReporter -->
<testsuite hostname="blr-mpa8k" name="test.com.Test1" tests="1" failures="0" timestamp="21 Feb 2020 14:01:39 GMT" time="0.011" errors="0">
  <testcase name="testing" time="0.011" classname="test.com.Test1"/>
</testsuite> <!-- test.com.Test1 -->
