<?xml version="1.0" encoding="UTF-8"?>
<!-- Generated by org.testng.reporters.JUnitReportReporter -->
<testsuite hostname="blr-mpa8k" name="TestScript.com.GetSample" tests="1" failures="0" timestamp="22 Feb 2020 10:49:43 GMT" time="3.905" errors="0">
  <testcase name="Test1" time="3.905" classname="TestScript.com.GetSample"/>
</testsuite> <!-- TestScript.com.GetSample -->
