<?xml version="1.0" encoding="UTF-8"?>
<!-- Generated by org.testng.reporters.JUnitReportReporter -->
<testsuite hostname="blr-mpa8k" name="TestScript.com.Basic3" tests="1" failures="0" timestamp="22 Feb 2020 09:02:46 GMT" time="1.850" errors="0">
  <testcase name="createPlaceAPI" time="1.850" classname="TestScript.com.Basic3"/>
</testsuite> <!-- TestScript.com.Basic3 -->
