<?xml version="1.0" encoding="UTF-8"?>
<!-- Generated by org.testng.reporters.JUnitReportReporter -->
<testsuite hostname="blr-mpa8k" name="TestScript.com.PostAndDelete" tests="1" failures="0" timestamp="22 Feb 2020 09:17:59 GMT" time="1.781" errors="0">
  <testcase name="AddandDeletePlace" time="1.781" classname="TestScript.com.PostAndDelete"/>
</testsuite> <!-- TestScript.com.PostAndDelete -->
