<?xml version="1.0" encoding="UTF-8"?>
<!-- Generated by org.testng.reporters.JUnitReportReporter -->
<testsuite hostname="blr-mpa8k" name="test.com.BasicPost" tests="1" failures="0" timestamp="21 Feb 2020 14:43:34 GMT" time="4.569" errors="0">
  <testcase name="IPManTest" time="4.569" classname="test.com.BasicPost"/>
</testsuite> <!-- test.com.BasicPost -->
