<?xml version="1.0" encoding="UTF-8"?>
<!-- Generated by org.testng.reporters.JUnitReportReporter -->
<testsuite hostname="blr-mpa8k" name="Library.com.AddBook" tests="3" failures="0" timestamp="22 Feb 2020 14:33:46 GMT" time="1.969" errors="0">
  <testcase name="addBookTest" time="0.099" classname="Library.com.AddBook"/>
  <testcase name="addBookTest" time="0.105" classname="Library.com.AddBook"/>
  <testcase name="addBookTest" time="1.765" classname="Library.com.AddBook"/>
</testsuite> <!-- Library.com.AddBook -->
