<?xml version="1.0" encoding="UTF-8"?>
<!-- Generated by org.testng.reporters.JUnitReportReporter -->
<testsuite hostname="blr-mpa8k" name="Library.com.StaticJson" tests="1" failures="0" timestamp="23 Feb 2020 09:49:31 GMT" time="1.857" errors="0">
  <testcase name="addBookTest" time="1.857" classname="Library.com.StaticJson"/>
</testsuite> <!-- Library.com.StaticJson -->
