<?xml version="1.0" encoding="UTF-8"?>
<!-- Generated by org.testng.reporters.JUnitReportReporter -->
<testsuite hostname="blr-mpa8k" name="ipman.com.BasicPost" tests="1" failures="0" timestamp="22 Feb 2020 06:40:19 GMT" time="2.302" errors="0">
  <testcase name="IPManTest" time="2.302" classname="ipman.com.BasicPost"/>
</testsuite> <!-- ipman.com.BasicPost -->
