<?xml version="1.0" encoding="UTF-8"?>
<!-- Generated by org.testng.reporters.JUnitReportReporter -->
<testsuite hostname="blr-mpa8k" name="TestScript.com.ListOutAllNames" tests="1" failures="0" timestamp="22 Feb 2020 10:52:34 GMT" time="4.306" errors="0">
  <testcase name="Test1" time="4.306" classname="TestScript.com.ListOutAllNames"/>
</testsuite> <!-- TestScript.com.ListOutAllNames -->
